DEBUG Attempting to load environment variables!
DEBUG Done loading environment variables!
INFO Event: None
INFO Context: None
INFO API request successful.
DEBUG Json Data:
{
    "id": 1,
    "name": "Bitcoin",
    "symbol": "BTC",
    "slug": "bitcoin",
    "num_market_pairs": 11771,
    "date_added": "2010-07-13T00:00:00.000Z",
    "tags": [
        "mineable",
        "pow",
        "sha-256",
        "store-of-value",
        "state-channel",
        "coinbase-ventures-portfolio",
        "three-arrows-capital-portfolio",
        "polychain-capital-portfolio",
        "binance-labs-portfolio",
        "blockchain-capital-portfolio",
        "boostvc-portfolio",
        "cms-holdings-portfolio",
        "dcg-portfolio",
        "dragonfly-capital-portfolio",
        "electric-capital-portfolio",
        "fabric-ventures-portfolio",
        "framework-ventures-portfolio",
        "galaxy-digital-portfolio",
        "huobi-capital-portfolio",
        "alameda-research-portfolio",
        "a16z-portfolio",
        "1confirmation-portfolio",
        "winklevoss-capital-portfolio",
        "usv-portfolio",
        "placeholder-ventures-portfolio",
        "pantera-capital-portfolio",
        "multicoin-capital-portfolio",
        "paradigm-portfolio",
        "bitcoin-ecosystem",
        "ftx-bankruptcy-estate"
    ],
    "max_supply": 21000000,
    "circulating_supply": 19765187,
    "total_supply": 19765187,
    "infinite_supply": false,
    "platform": null,
    "cmc_rank": 1,
    "self_reported_circulating_supply": null,
    "self_reported_market_cap": null,
    "tvl_ratio": null,
    "last_updated": "2024-10-09T07:52:00.000Z",
    "quote": {
        "USD": {
            "price": 62245.931029027604,
            "volume_24h": 26780260843.465023,
            "volume_change_24h": -19.9241,
            "percent_change_1h": -0.25244957,
            "percent_change_24h": -0.03628529,
            "percent_change_7d": 0.72304783,
            "percent_change_30d": 13.2266341,
            "percent_change_60d": 2.4122033,
            "percent_change_90d": 7.08421339,
            "market_cap": 1230302466777.833,
            "market_cap_dominance": 56.7374,
            "fully_diluted_market_cap": 1307164551609.58,
            "tvl": null,
            "last_updated": "2024-10-09T07:52:00.000Z"
        }
    }
}
INFO Creating Publisher...
ERROR Error publishing message: Your default credentials were not found. To set up Application Default Credentials, see https://cloud.google.com/docs/authentication/external/set-up-adc for more information.
